<?xml version="1.0" encoding="UTF-8"?>
<testsuite name="com.bank.xyzbank.tests.CustomerAccountPageTest" tests="4" skipped="0" failures="0" errors="0" timestamp="2021-09-24T21:29:17" hostname="DESKTOP-0LK3DIQ" time="58.28">
  <properties/>
  <testcase name="createDeposit()" classname="com.bank.xyzbank.tests.CustomerAccountPageTest" time="7.474"/>
  <testcase name="checkAccountNumber()" classname="com.bank.xyzbank.tests.CustomerAccountPageTest" time="25.757"/>
  <testcase name="checkTransactionIsExists()" classname="com.bank.xyzbank.tests.CustomerAccountPageTest" time="17.298"/>
  <testcase name="createDepositAndWithdraw()" classname="com.bank.xyzbank.tests.CustomerAccountPageTest" time="7.744"/>
  <system-out><![CDATA[]]></system-out>
  <system-err><![CDATA[Starting ChromeDriver 94.0.4606.41 (333e85df3c9b656b518b5f1add5ff246365b6c24-refs/branch-heads/4606@{#845}) on port 42362
Only local connections are allowed.
Please see https://chromedriver.chromium.org/security-considerations for suggestions on keeping ChromeDriver safe.
ChromeDriver was started successfully.
сент. 25, 2021 12:29:19 AM org.openqa.selenium.remote.ProtocolHandshake createSession
INFO: Detected dialect: W3C
Starting ChromeDriver 94.0.4606.41 (333e85df3c9b656b518b5f1add5ff246365b6c24-refs/branch-heads/4606@{#845}) on port 30655
Only local connections are allowed.
Please see https://chromedriver.chromium.org/security-considerations for suggestions on keeping ChromeDriver safe.
ChromeDriver was started successfully.
сент. 25, 2021 12:29:26 AM org.openqa.selenium.remote.ProtocolHandshake createSession
INFO: Detected dialect: W3C
Starting ChromeDriver 94.0.4606.41 (333e85df3c9b656b518b5f1add5ff246365b6c24-refs/branch-heads/4606@{#845}) on port 12370
Only local connections are allowed.
Please see https://chromedriver.chromium.org/security-considerations for suggestions on keeping ChromeDriver safe.
ChromeDriver was started successfully.
сент. 25, 2021 12:29:52 AM org.openqa.selenium.remote.ProtocolHandshake createSession
INFO: Detected dialect: W3C
Starting ChromeDriver 94.0.4606.41 (333e85df3c9b656b518b5f1add5ff246365b6c24-refs/branch-heads/4606@{#845}) on port 24208
Only local connections are allowed.
Please see https://chromedriver.chromium.org/security-considerations for suggestions on keeping ChromeDriver safe.
ChromeDriver was started successfully.
сент. 25, 2021 12:30:10 AM org.openqa.selenium.remote.ProtocolHandshake createSession
INFO: Detected dialect: W3C
]]></system-err>
</testsuite>
