<?xml version="1.0" encoding="UTF-8"?>
<testsuite name="com.bank.xyzbank.MainPageTest" tests="1" skipped="0" failures="0" errors="0" timestamp="2021-08-27T12:16:09" hostname="DESKTOP-0LK3DIQ" time="8.095">
  <properties/>
  <testcase name="mainPageOpen()" classname="com.bank.xyzbank.MainPageTest" time="8.095"/>
  <system-out><![CDATA[]]></system-out>
  <system-err><![CDATA[Starting ChromeDriver 92.0.4515.107 (87a818b10553a07434ea9e2b6dccf3cbe7895134-refs/branch-heads/4515@{#1634}) on port 22985
Only local connections are allowed.
Please see https://chromedriver.chromium.org/security-considerations for suggestions on keeping ChromeDriver safe.
ChromeDriver was started successfully.
авг. 27, 2021 3:16:13 PM org.openqa.selenium.remote.ProtocolHandshake createSession
INFO: Detected dialect: W3C
]]></system-err>
</testsuite>
