<?xml version="1.0" encoding="UTF-8"?>
<testsuite name="com.bank.xyzbank.login.customer.LoginPageTest" tests="2" skipped="0" failures="0" errors="0" timestamp="2021-08-28T13:00:10" hostname="DESKTOP-0LK3DIQ" time="10.623">
  <properties/>
  <testcase name="noLoginWithoutChooseName()" classname="com.bank.xyzbank.login.customer.LoginPageTest" time="5.642"/>
  <testcase name="loginWithChooseName()" classname="com.bank.xyzbank.login.customer.LoginPageTest" time="4.978"/>
  <system-out><![CDATA[]]></system-out>
  <system-err><![CDATA[Starting ChromeDriver 92.0.4515.107 (87a818b10553a07434ea9e2b6dccf3cbe7895134-refs/branch-heads/4515@{#1634}) on port 2253
Only local connections are allowed.
Please see https://chromedriver.chromium.org/security-considerations for suggestions on keeping ChromeDriver safe.
ChromeDriver was started successfully.
авг. 28, 2021 4:00:12 PM org.openqa.selenium.remote.ProtocolHandshake createSession
INFO: Detected dialect: W3C
Starting ChromeDriver 92.0.4515.107 (87a818b10553a07434ea9e2b6dccf3cbe7895134-refs/branch-heads/4515@{#1634}) on port 39544
Only local connections are allowed.
Please see https://chromedriver.chromium.org/security-considerations for suggestions on keeping ChromeDriver safe.
ChromeDriver was started successfully.
авг. 28, 2021 4:00:17 PM org.openqa.selenium.remote.ProtocolHandshake createSession
INFO: Detected dialect: W3C
]]></system-err>
</testsuite>
