<?xml version="1.0" encoding="UTF-8"?>
<testsuite name="com.bank.xyzbank.tests.CustomerAccountPageTest" tests="1" skipped="0" failures="0" errors="0" timestamp="2021-09-24T20:58:21" hostname="DESKTOP-0LK3DIQ" time="17.34">
  <properties/>
  <testcase name="checkTransactionIsExists()" classname="com.bank.xyzbank.tests.CustomerAccountPageTest" time="17.34"/>
  <system-out><![CDATA[]]></system-out>
  <system-err><![CDATA[Starting ChromeDriver 94.0.4606.41 (333e85df3c9b656b518b5f1add5ff246365b6c24-refs/branch-heads/4606@{#845}) on port 1489
Only local connections are allowed.
Please see https://chromedriver.chromium.org/security-considerations for suggestions on keeping ChromeDriver safe.
ChromeDriver was started successfully.
сент. 24, 2021 11:58:23 PM org.openqa.selenium.remote.ProtocolHandshake createSession
INFO: Detected dialect: W3C
]]></system-err>
</testsuite>
