<?xml version="1.0" encoding="UTF-8"?>
<testsuite name="com.bank.xyzbank.tests.ManagerLoginPageTest" tests="1" skipped="0" failures="0" errors="0" timestamp="2021-10-16T10:40:38" hostname="DESKTOP-0LK3DIQ" time="7.413">
  <properties/>
  <testcase name="createNewCustomerAndCheckInCustomers()" classname="com.bank.xyzbank.tests.ManagerLoginPageTest" time="7.413"/>
  <system-out><![CDATA[]]></system-out>
  <system-err><![CDATA[Starting ChromeDriver 94.0.4606.41 (333e85df3c9b656b518b5f1add5ff246365b6c24-refs/branch-heads/4606@{#845}) on port 37061
Only local connections are allowed.
Please see https://chromedriver.chromium.org/security-considerations for suggestions on keeping ChromeDriver safe.
ChromeDriver was started successfully.
окт. 16, 2021 1:40:40 PM org.openqa.selenium.remote.ProtocolHandshake createSession
INFO: Detected dialect: W3C
[Test worker] INFO com.bank.xyzbank.pages.ManagerLoginPage - * Create ManagerLoginPage page *
[Test worker] INFO com.bank.xyzbank.helpers.WaitHelper - * Wait helper created *
[Test worker] INFO com.bank.xyzbank.pages.ManagerLoginPage - * Create ManagerLoginPage page *
[Test worker] INFO com.bank.xyzbank.helpers.WaitHelper - * Wait helper created *
[Test worker] INFO com.bank.xyzbank.helpers.AlertHelper - * Alert helper create *
[Test worker] INFO com.bank.xyzbank.helpers.AlertHelper - * Get text in alert: Customer added successfully with customer id :6 *
[Test worker] INFO com.bank.xyzbank.helpers.AlertHelper - * Alert is present *
[Test worker] INFO com.bank.xyzbank.helpers.AlertHelper - * Alert accepted *
]]></system-err>
</testsuite>
