<?xml version="1.0" encoding="UTF-8"?>
<testsuite name="com.bank.xyzbank.tests.ManagerCustomerLoginPageTest" tests="1" skipped="0" failures="0" errors="0" timestamp="2021-10-16T12:16:52" hostname="DESKTOP-0LK3DIQ" time="11.021">
  <properties/>
  <testcase name="createNewCustomerAndOpenAccountForHim()" classname="com.bank.xyzbank.tests.ManagerCustomerLoginPageTest" time="11.021"/>
  <system-out><![CDATA[]]></system-out>
  <system-err><![CDATA[Starting ChromeDriver 94.0.4606.41 (333e85df3c9b656b518b5f1add5ff246365b6c24-refs/branch-heads/4606@{#845}) on port 52493
Only local connections are allowed.
Please see https://chromedriver.chromium.org/security-considerations for suggestions on keeping ChromeDriver safe.
ChromeDriver was started successfully.
окт. 16, 2021 3:16:55 PM org.openqa.selenium.remote.ProtocolHandshake createSession
INFO: Detected dialect: W3C
окт. 16, 2021 3:16:55 PM org.openqa.selenium.devtools.CdpVersionFinder findNearestMatch
INFO: Found exact CDP implementation for version 94
[Test worker] INFO com.bank.xyzbank.pages.HomePage - * Create HomePage page *
[Test worker] INFO com.bank.xyzbank.pages.ManagerLoginPage - * Create ManagerLoginPage page *
[Test worker] INFO com.bank.xyzbank.helpers.WaitHelper - * Create WaitHelper helper *
[Test worker] INFO com.bank.xyzbank.helpers.SelectHelper - * Create SelectHelper helper *
[Test worker] INFO com.bank.xyzbank.pages.ManagerLoginPage - * Create ManagerLoginPage page *
[Test worker] INFO com.bank.xyzbank.helpers.WaitHelper - * Create WaitHelper helper *
[Test worker] INFO com.bank.xyzbank.helpers.SelectHelper - * Create SelectHelper helper *
[Test worker] INFO com.bank.xyzbank.helpers.WaitHelper - * wait element to be clickable, clear field and insert text *
[Test worker] INFO com.bank.xyzbank.helpers.WaitHelper - * wait element to be clickable, clear field and insert text *
[Test worker] INFO com.bank.xyzbank.helpers.WaitHelper - * wait element to be clickable, clear field and insert text *
[Test worker] INFO com.bank.xyzbank.helpers.WaitHelper - * wait element to be clickable and click *
[Test worker] INFO com.bank.xyzbank.helpers.AlertHelper - * Alert helper create *
[Test worker] INFO com.bank.xyzbank.helpers.AlertHelper - * Get text in alert: Customer added successfully with customer id :6 *
[Test worker] INFO com.bank.xyzbank.helpers.AlertHelper - * Alert is present *
[Test worker] INFO com.bank.xyzbank.helpers.AlertHelper - * Alert accepted *
[Test worker] INFO com.bank.xyzbank.helpers.SelectHelper - * select value by visible text *
[Test worker] INFO com.bank.xyzbank.helpers.WaitHelper - * wait element to be clickable and click *
]]></system-err>
</testsuite>
