<?xml version="1.0" encoding="UTF-8"?>
<testsuite name="com.bank.xyzbank.login.manager.ManagerLoginPageTest" tests="1" skipped="0" failures="0" errors="0" timestamp="2021-08-28T13:20:26" hostname="DESKTOP-0LK3DIQ" time="5.575">
  <properties/>
  <testcase name="openManagerLoginPage()" classname="com.bank.xyzbank.login.manager.ManagerLoginPageTest" time="5.575"/>
  <system-out><![CDATA[]]></system-out>
  <system-err><![CDATA[Starting ChromeDriver 92.0.4515.107 (87a818b10553a07434ea9e2b6dccf3cbe7895134-refs/branch-heads/4515@{#1634}) on port 34669
Only local connections are allowed.
Please see https://chromedriver.chromium.org/security-considerations for suggestions on keeping ChromeDriver safe.
ChromeDriver was started successfully.
авг. 28, 2021 4:20:28 PM org.openqa.selenium.remote.ProtocolHandshake createSession
INFO: Detected dialect: W3C
]]></system-err>
</testsuite>
