<?xml version="1.0" encoding="UTF-8"?>
<testsuite name="com.bank.xyzbank.tests.CustomerAccountPageTest" tests="1" skipped="0" failures="0" errors="0" timestamp="2021-09-02T14:30:05" hostname="DESKTOP-0LK3DIQ" time="29.855">
  <properties/>
  <testcase name="checkAccountNumber()" classname="com.bank.xyzbank.tests.CustomerAccountPageTest" time="29.855"/>
  <system-out><![CDATA[]]></system-out>
  <system-err><![CDATA[Starting ChromeDriver 92.0.4515.107 (87a818b10553a07434ea9e2b6dccf3cbe7895134-refs/branch-heads/4515@{#1634}) on port 3200
Only local connections are allowed.
Please see https://chromedriver.chromium.org/security-considerations for suggestions on keeping ChromeDriver safe.
ChromeDriver was started successfully.
сент. 02, 2021 5:30:09 PM org.openqa.selenium.remote.ProtocolHandshake createSession
INFO: Detected dialect: W3C
]]></system-err>
</testsuite>
